<?xml version="1.0" encoding="UTF-8"?>
<!-- Generated by org.testng.reporters.JUnitReportReporter -->
<testsuite hostname="Emilios-MBP.home" name="MovieFone.HomeTest" tests="1" failures="0" timestamp="15 Apr 2016 21:26:40 GMT" time="17.499" errors="0">
  <testcase name="Search" time="17.499" classname="MovieFone.HomeTest"/>
</testsuite> <!-- MovieFone.HomeTest -->
