<?xml version="1.0" encoding="UTF-8"?>
<!-- Generated by org.testng.reporters.JUnitReportReporter -->
<testsuite hostname="Emilios-MBP.home" name="MovieFone.HomeNewsletterSignUp" tests="1" failures="0" timestamp="15 Apr 2016 21:26:40 GMT" time="2.508" errors="0">
  <testcase name="Search" time="2.508" classname="MovieFone.HomeNewsletterSignUp"/>
</testsuite> <!-- MovieFone.HomeNewsletterSignUp -->
