<?xml version="1.0" encoding="UTF-8"?>
<!-- Generated by org.testng.reporters.JUnitReportReporter -->
<testsuite hostname="Emilios-MBP.home" name="MovieFone.SearchTest" tests="1" failures="0" timestamp="15 Apr 2016 21:26:40 GMT" time="12.937" errors="0">
  <testcase name="Search" time="12.937" classname="MovieFone.SearchTest"/>
</testsuite> <!-- MovieFone.SearchTest -->
